<?xml version="1.0" encoding="UTF-8"?>
<!-- Generated by org.testng.reporters.JUnitXMLReporter -->
<testsuite ignored="0" hostname="CASTOR-QA2L" failures="1" tests="2" name="LoginModule" time="36.03" errors="0" timestamp="2023-03-02T16:53:38 IST">
  <testcase classname="phptravels.tests.NavigationLinksCustomerCode" name="NavigationLink" time="0.022">
    <failure type="java.lang.IllegalArgumentException" message="Input must be set">
      <![CDATA[java.lang.IllegalArgumentException: Input must be set
at org.openqa.selenium.internal.Require.nonNull(Require.java:59)
at org.openqa.selenium.support.ui.FluentWait.<init>(FluentWait.java:97)
at org.openqa.selenium.support.ui.WebDriverWait.<init>(WebDriverWait.java:77)
at org.openqa.selenium.support.ui.WebDriverWait.<init>(WebDriverWait.java:46)
at phptravels.pageobjects.NavigationLinks.<init>(NavigationLinks.java:16)
at phptravels.tests.NavigationLinksCustomerCode.NavigationLink(NavigationLinksCustomerCode.java:20)
at java.base/java.util.ArrayList.forEach(ArrayList.java:1511)
... Removed 27 stack frames]]>
    </failure>
  </testcase> <!-- NavigationLink -->
  <testcase classname="phptravels.tests.SignUpCustomerCode" name="SignUp" time="35.972"/>
</testsuite> <!-- LoginModule -->
